<?xml version="1.0" encoding="UTF-8"?>
<testng-results ignored="0" total="4" passed="4" failed="0" skipped="0">
  <reporter-output>
  </reporter-output>
  <suite started-at="2023-08-01T11:58:55 IST" name="Selenium Hybrid Automation Framework Suite" finished-at="2023-08-01T11:59:27 IST" duration-ms="32708">
    <groups>
    </groups>
    <test started-at="2023-08-01T11:58:55 IST" name="Test" finished-at="2023-08-01T11:59:27 IST" duration-ms="32708">
      <class name="com.automate.selenium.testcases.LoginTest">
        <test-method is-config="true" signature="setUp()[pri:0, instance:com.automate.selenium.testcases.LoginTest@4116aac9]" started-at="2023-08-01T11:59:18 IST" name="setUp" finished-at="2023-08-01T11:59:22 IST" duration-ms="3252" status="PASS">
          <reporter-output>
          </reporter-output>
        </test-method> <!-- setUp -->
        <test-method signature="verifyLoginWithValidCredentials(java.lang.String,java.lang.String)[pri:1, instance:com.automate.selenium.testcases.LoginTest@4116aac9]" started-at="2023-08-01T11:59:22 IST" name="verifyLoginWithValidCredentials" data-provider="readTestData" finished-at="2023-08-01T11:59:23 IST" duration-ms="1398" status="PASS">
          <params>
            <param index="0">
              <value>
                <![CDATA[testmail9@gmail.com]]>
              </value>
            </param>
            <param index="1">
              <value>
                <![CDATA[password123]]>
              </value>
            </param>
          </params>
          <reporter-output>
          </reporter-output>
        </test-method> <!-- verifyLoginWithValidCredentials -->
        <test-method is-config="true" signature="tearDown()[pri:0, instance:com.automate.selenium.testcases.LoginTest@4116aac9]" started-at="2023-08-01T11:59:23 IST" name="tearDown" finished-at="2023-08-01T11:59:23 IST" duration-ms="187" status="PASS">
          <reporter-output>
          </reporter-output>
        </test-method> <!-- tearDown -->
        <test-method is-config="true" signature="setUp()[pri:0, instance:com.automate.selenium.testcases.LoginTest@4116aac9]" started-at="2023-08-01T11:59:23 IST" name="setUp" finished-at="2023-08-01T11:59:26 IST" duration-ms="2817" status="PASS">
          <reporter-output>
          </reporter-output>
        </test-method> <!-- setUp -->
        <test-method signature="verifyLoginWithInvalidCredentials()[pri:2, instance:com.automate.selenium.testcases.LoginTest@4116aac9]" started-at="2023-08-01T11:59:26 IST" name="verifyLoginWithInvalidCredentials" finished-at="2023-08-01T11:59:27 IST" duration-ms="1159" status="PASS">
          <reporter-output>
          </reporter-output>
        </test-method> <!-- verifyLoginWithInvalidCredentials -->
        <test-method is-config="true" signature="tearDown()[pri:0, instance:com.automate.selenium.testcases.LoginTest@4116aac9]" started-at="2023-08-01T11:59:27 IST" name="tearDown" finished-at="2023-08-01T11:59:27 IST" duration-ms="136" status="PASS">
          <reporter-output>
          </reporter-output>
        </test-method> <!-- tearDown -->
      </class> <!-- com.automate.selenium.testcases.LoginTest -->
      <class name="com.automate.selenium.testcases.RegisterTest">
        <test-method is-config="true" signature="setUp()[pri:0, instance:com.automate.selenium.testcases.RegisterTest@36ebc363]" started-at="2023-08-01T11:58:55 IST" name="setUp" finished-at="2023-08-01T11:58:59 IST" duration-ms="4494" status="PASS">
          <reporter-output>
          </reporter-output>
        </test-method> <!-- setUp -->
        <test-method signature="registerUser()[pri:0, instance:com.automate.selenium.testcases.RegisterTest@36ebc363]" started-at="2023-08-01T11:58:59 IST" name="registerUser" finished-at="2023-08-01T11:59:02 IST" duration-ms="2364" status="PASS">
          <reporter-output>
          </reporter-output>
        </test-method> <!-- registerUser -->
        <test-method is-config="true" signature="tearDown()[pri:0, instance:com.automate.selenium.testcases.RegisterTest@36ebc363]" started-at="2023-08-01T11:59:02 IST" name="tearDown" finished-at="2023-08-01T11:59:02 IST" duration-ms="152" status="PASS">
          <reporter-output>
          </reporter-output>
        </test-method> <!-- tearDown -->
        <test-method is-config="true" signature="setUp()[pri:0, instance:com.automate.selenium.testcases.RegisterTest@36ebc363]" started-at="2023-08-01T11:59:02 IST" name="setUp" finished-at="2023-08-01T11:59:16 IST" duration-ms="14392" status="PASS">
          <reporter-output>
          </reporter-output>
        </test-method> <!-- setUp -->
        <test-method signature="registerUserWithAldreadyRegisteredEmail()[pri:0, instance:com.automate.selenium.testcases.RegisterTest@36ebc363]" started-at="2023-08-01T11:59:16 IST" name="registerUserWithAldreadyRegisteredEmail" finished-at="2023-08-01T11:59:18 IST" duration-ms="1897" status="PASS">
          <reporter-output>
          </reporter-output>
        </test-method> <!-- registerUserWithAldreadyRegisteredEmail -->
        <test-method is-config="true" signature="tearDown()[pri:0, instance:com.automate.selenium.testcases.RegisterTest@36ebc363]" started-at="2023-08-01T11:59:18 IST" name="tearDown" finished-at="2023-08-01T11:59:18 IST" duration-ms="134" status="PASS">
          <reporter-output>
          </reporter-output>
        </test-method> <!-- tearDown -->
      </class> <!-- com.automate.selenium.testcases.RegisterTest -->
    </test> <!-- Test -->
  </suite> <!-- Selenium Hybrid Automation Framework Suite -->
</testng-results>
