<?xml version="1.0" encoding="UTF-8"?>
<!-- Generated by org.testng.reporters.JUnitXMLReporter -->
<testsuite ignored="0" hostname="BMT-LAP-244" failures="0" tests="4" name="Test" time="32.708" errors="0" timestamp="2023-08-01T11:59:28 IST">
  <testcase classname="com.automate.selenium.testcases.RegisterTest" name="registerUser" time="2.364"/>
  <testcase classname="com.automate.selenium.testcases.RegisterTest" name="registerUserWithAldreadyRegisteredEmail" time="1.897"/>
  <testcase classname="com.automate.selenium.testcases.LoginTest" name="verifyLoginWithValidCredentials" time="1.398"/>
  <testcase classname="com.automate.selenium.testcases.LoginTest" name="verifyLoginWithInvalidCredentials" time="1.159"/>
</testsuite> <!-- Test -->
